[GIN-debug] [WARNING] Creating an Engine instance with the Logger and Recovery middleware already attached.

[GIN-debug] [WARNING] Running in "debug" mode. Switch to "release" mode in production.
 - using env:	export GIN_MODE=release
 - using code:	gin.SetMode(gin.ReleaseMode)

[GIN-debug] GET    /api/nodes                --> main.(*GatewayController).GetOnlineNodes-fm (4 handlers)
[GIN-debug] GET    /api/nodes/:id            --> main.(*GatewayController).GetNodeDetail-fm (4 handlers)
[GIN-debug] POST   /api/webrtc/offer         --> main.(*GatewayController).HandleWebRTCOffer-fm (4 handlers)
[GIN-debug] POST   /api/webrtc/answer        --> main.(*GatewayController).HandleWebRTCAnswer-fm (4 handlers)
[GIN-debug] POST   /api/webrtc/ice           --> main.(*GatewayController).HandleICECandidate-fm (4 handlers)
[GIN-debug] POST   /api/tasks/submit         --> main.(*GatewayController).SubmitTask-fm (4 handlers)
[GIN-debug] GET    /api/status               --> main.(*GatewayController).GetSystemStatus-fm (4 handlers)
[GIN-debug] GET    /ws/nodes                 --> main.(*GatewayController).HandleNodeWebSocket-fm (4 handlers)
[GIN-debug] GET    /ws/clients               --> main.(*GatewayController).HandleClientWebSocket-fm (4 handlers)
[GIN-debug] GET    /static/*filepath         --> github.com/gin-gonic/gin.(*RouterGroup).createStaticHandler.func1 (4 handlers)
[GIN-debug] HEAD   /static/*filepath         --> github.com/gin-gonic/gin.(*RouterGroup).createStaticHandler.func1 (4 handlers)
[GIN-debug] GET    /                         --> main.setupRoutes.(*RouterGroup).StaticFile.func1 (4 handlers)
[GIN-debug] HEAD   /                         --> main.setupRoutes.(*RouterGroup).StaticFile.func1 (4 handlers)
[GIN-debug] GET    /player                   --> main.setupRoutes.(*RouterGroup).StaticFile.func2 (4 handlers)
[GIN-debug] HEAD   /player                   --> main.setupRoutes.(*RouterGroup).StaticFile.func2 (4 handlers)
2025/07/28 13:07:12 Gateway Server 启动在端口 8080...
[GIN-debug] [WARNING] You trusted all proxies, this is NOT safe. We recommend you to set a value.
Please check https://pkg.go.dev/github.com/gin-gonic/gin#readme-don-t-trust-all-proxies for details.
[GIN-debug] Listening and serving HTTP on :8080
2025/07/28 13:07:52 Worker node test-node connected: test-worker
[GIN-debug] redirecting request 301: /static/ --> /static/
[GIN] 2025/07/28 - 13:08:30 | 404 |      34.666µs |             ::1 | GET      "/static/"
[GIN] 2025/07/28 - 13:08:34 | 404 |      79.375µs |             ::1 | GET      "/"
[GIN] 2025/07/28 - 13:08:34 | 404 |       4.167µs |             ::1 | GET      "/favicon.ico"
